0 info it worked if it ends with ok
1 verbose cli [ '/usr/local/bin/node', '/usr/local/bin/npm', 'start' ]
2 info using npm@2.15.9
3 info using node@v4.6.0
4 verbose stack Error: Failed to parse json
4 verbose stack Unexpected token '/' at 9:16
4 verbose stack   "perpage":10,//每页文章数
4 verbose stack                ^
4 verbose stack     at parseError (/usr/local/lib/node_modules/npm/node_modules/read-package-json/read-json.js:390:11)
4 verbose stack     at parseJson (/usr/local/lib/node_modules/npm/node_modules/read-package-json/read-json.js:79:23)
4 verbose stack     at /usr/local/lib/node_modules/npm/node_modules/read-package-json/read-json.js:48:5
4 verbose stack     at /usr/local/lib/node_modules/npm/node_modules/graceful-fs/graceful-fs.js:78:16
4 verbose stack     at FSReqWrap.readFileAfterClose [as oncomplete] (fs.js:380:3)
5 verbose cwd /Volumes/MEDIA/blog/blog
6 error Darwin 14.5.0
7 error argv "/usr/local/bin/node" "/usr/local/bin/npm" "start"
8 error node v4.6.0
9 error npm  v2.15.9
10 error file /Volumes/MEDIA/blog/blog/package.json
11 error code EJSONPARSE
12 error Failed to parse json
12 error Unexpected token '/' at 9:16
12 error   "perpage":10,//每页文章数
12 error                ^
13 error File: /Volumes/MEDIA/blog/blog/package.json
14 error Failed to parse package.json data.
14 error package.json must be actual JSON, not just JavaScript.
14 error
14 error This is not a bug in npm.
14 error Tell the package author to fix their package.json file. JSON.parse
15 verbose exit [ 1, true ]
